#
# There is insufficient memory for the Java Runtime Environment to continue.
# Native memory allocation (malloc) failed to allocate 262160 bytes for Chunk::new
# Possible reasons:
#   The system is out of physical RAM or swap space
#   The process is running with CompressedOops enabled, and the Java Heap may be blocking the growth of the native heap
# Possible solutions:
#   Reduce memory load on the system
#   Increase physical memory or swap space
#   Check if swap backing store is full
#   Decrease Java heap size (-Xmx/-Xms)
#   Decrease number of Java threads
#   Decrease Java thread stack sizes (-Xss)
#   Set larger code cache with -XX:ReservedCodeCacheSize=
#   JVM is running with Zero Based Compressed Oops mode in which the Java heap is
#     placed in the first 32GB address space. The Java Heap base address is the
#     maximum limit for the native heap growth. Please use -XX:HeapBaseMinAddress
#     to set the Java Heap base and to place the Java Heap above 32GB virtual address.
# This output file may be truncated or incomplete.
#
#  Out of Memory Error (allocation.cpp:389), pid=29648, tid=0x0000000000000ffc
#
# JRE version: Java(TM) SE Runtime Environment (8.0_221-b11) (build 1.8.0_221-b11)
# Java VM: Java HotSpot(TM) 64-Bit Server VM (25.221-b11 mixed mode windows-amd64 compressed oops)
# Failed to write core dump. Minidumps are not enabled by default on client versions of Windows
#

---------------  T H R E A D  ---------------

Current thread (0x000000001ec66000):  JavaThread "C2 CompilerThread2" daemon [_thread_in_native, id=4092, stack(0x000000001f6c0000,0x000000001f7c0000)]

Stack: [0x000000001f6c0000,0x000000001f7c0000]
[error occurred during error reporting (printing stack bounds), id 0xc0000005]

Native frames: (J=compiled Java code, j=interpreted, Vv=VM code, C=native code)


Current CompileTask:
C2:   1485 1581       4       java.net.URLClassLoader$1::run (5 bytes)


---------------  P R O C E S S  ---------------

Java Threads: ( => current thread )
  0x000000001ed1a800 JavaThread "Service Thread" daemon [_thread_blocked, id=34716, stack(0x000000001f8c0000,0x000000001f9c0000)]
  0x000000001ec6a000 JavaThread "C1 CompilerThread3" daemon [_thread_in_native, id=37848, stack(0x000000001f7c0000,0x000000001f8c0000)]
=>0x000000001ec66000 JavaThread "C2 CompilerThread2" daemon [_thread_in_native, id=4092, stack(0x000000001f6c0000,0x000000001f7c0000)]
  0x000000001ec60000 JavaThread "C2 CompilerThread1" daemon [_thread_blocked, id=29228, stack(0x000000001f5c0000,0x000000001f6c0000)]
  0x000000001ec5f000 JavaThread "C2 CompilerThread0" daemon [_thread_in_native, id=10172, stack(0x000000001f4c0000,0x000000001f5c0000)]
  0x000000001ec0f800 JavaThread "Monitor Ctrl-Break" daemon [_thread_in_native, id=37828, stack(0x000000001f3c0000,0x000000001f4c0000)]
  0x000000001ebf0000 JavaThread "Attach Listener" daemon [_thread_blocked, id=27964, stack(0x000000001f2c0000,0x000000001f3c0000)]
  0x000000001ebef000 JavaThread "Signal Dispatcher" daemon [_thread_blocked, id=7308, stack(0x000000001f1c0000,0x000000001f2c0000)]
  0x000000000347e000 JavaThread "Finalizer" daemon [_thread_blocked, id=18476, stack(0x000000001f0c0000,0x000000001f1c0000)]
  0x000000001ebe0800 JavaThread "Reference Handler" daemon [_thread_blocked, id=20760, stack(0x000000001efc0000,0x000000001f0c0000)]
  0x0000000003382800 JavaThread "main" [_thread_in_vm, id=31928, stack(0x00000000030c0000,0x00000000031c0000)]

Other Threads:
  0x000000001cdca000 VMThread [stack: 0x000000001eac0000,0x000000001ebc0000] [id=620]
  0x000000001ed1e800 WatcherThread [stack: 0x000000001f9c0000,0x000000001fac0000] [id=32784]

VM state:not at safepoint (normal execution)

VM Mutex/Monitor currently owned by a thread: None

heap address: 0x00000006c3200000, size: 4046 MB, Compressed Oops mode: Zero based, Oop shift amount: 3
Narrow klass base: 0x0000000000000000, Narrow klass shift: 3
Compressed class space size: 1073741824 Address: 0x00000007c0000000

Heap:
 PSYoungGen      total 75776K, used 40685K [0x000000076bb80000, 0x0000000771000000, 0x00000007c0000000)
  eden space 65024K, 49% used [0x000000076bb80000,0x000000076daed058,0x000000076fb00000)
  from space 10752K, 79% used [0x000000076fb00000,0x000000077034e770,0x0000000770580000)
  to   space 10752K, 0% used [0x0000000770580000,0x0000000770580000,0x0000000771000000)
 ParOldGen       total 173568K, used 16K [0x00000006c3200000, 0x00000006cdb80000, 0x000000076bb80000)
  object space 173568K, 0% used [0x00000006c3200000,0x00000006c3204000,0x00000006cdb80000)
 Metaspace       used 14059K, capacity 14334K, committed 14464K, reserved 1062912K
  class space    used 1742K, capacity 1842K, committed 1920K, reserved 1048576K

Card table byte_map: [0x0000000012840000,0x0000000013030000] byte_map_base: 0x000000000f227000

Marking Bits: (ParMarkBitMap*) 0x0000000058805ce0
 Begin Bits: [0x0000000013d80000, 0x0000000017cb8000)
 End Bits:   [0x0000000017cb8000, 0x000000001bbf0000)

Polling page: 0x0000000001110000

CodeCache: size=245760Kb used=5444Kb max_used=5455Kb free=240315Kb
 bounds [0x0000000003480000, 0x00000000039e0000, 0x0000000012480000]
 total_blobs=1954 nmethods=1600 adapters=266
 compilation: enabled

Compilation events (10 events):
Event: 1.477 Thread 0x000000001ec60000 nmethod 1593 0x00000000039d3890 code [0x00000000039d39c0, 0x00000000039d3a58]
Event: 1.478 Thread 0x000000001ec6a000 1599       3       java.util.regex.Pattern$Dot::isSatisfiedBy (34 bytes)
Event: 1.479 Thread 0x000000001ec6a000 nmethod 1599 0x00000000039d6350 code [0x00000000039d64c0, 0x00000000039d6730]
Event: 1.481 Thread 0x000000001ec6a000 1600       3       java.util.regex.Pattern::peek (26 bytes)
Event: 1.481 Thread 0x000000001ec6a000 nmethod 1600 0x00000000039d5dd0 code [0x00000000039d5f40, 0x00000000039d6208]
Event: 1.482 Thread 0x000000001ec6a000 1601       1       java.util.Formatter$Flags::valueOf (5 bytes)
Event: 1.482 Thread 0x000000001ec6a000 nmethod 1601 0x00000000039d5b10 code [0x00000000039d5c60, 0x00000000039d5d70]
Event: 1.482 Thread 0x000000001ec60000 1602       4       java.nio.charset.CoderResult::isUnderflow (13 bytes)
Event: 1.482 Thread 0x000000001ec6a000 1603  s    3       org.fusesource.jansi.AnsiPrintStream::filter (948 bytes)
Event: 1.482 Thread 0x000000001ec60000 nmethod 1602 0x00000000039d3650 code [0x00000000039d3780, 0x00000000039d37f8]

GC Heap History (2 events):
Event: 1.128 GC heap before
{Heap before GC invocations=1 (full 0):
 PSYoungGen      total 75776K, used 65024K [0x000000076bb80000, 0x0000000771000000, 0x00000007c0000000)
  eden space 65024K, 100% used [0x000000076bb80000,0x000000076fb00000,0x000000076fb00000)
  from space 10752K, 0% used [0x0000000770580000,0x0000000770580000,0x0000000771000000)
  to   space 10752K, 0% used [0x000000076fb00000,0x000000076fb00000,0x0000000770580000)
 ParOldGen       total 173568K, used 0K [0x00000006c3200000, 0x00000006cdb80000, 0x000000076bb80000)
  object space 173568K, 0% used [0x00000006c3200000,0x00000006c3200000,0x00000006cdb80000)
 Metaspace       used 10818K, capacity 10984K, committed 11136K, reserved 1058816K
  class space    used 1319K, capacity 1380K, committed 1408K, reserved 1048576K
Event: 1.134 GC heap after
Heap after GC invocations=1 (full 0):
 PSYoungGen      total 75776K, used 8505K [0x000000076bb80000, 0x0000000771000000, 0x00000007c0000000)
  eden space 65024K, 0% used [0x000000076bb80000,0x000000076bb80000,0x000000076fb00000)
  from space 10752K, 79% used [0x000000076fb00000,0x000000077034e770,0x0000000770580000)
  to   space 10752K, 0% used [0x0000000770580000,0x0000000770580000,0x0000000771000000)
 ParOldGen       total 173568K, used 16K [0x00000006c3200000, 0x00000006cdb80000, 0x000000076bb80000)
  object space 173568K, 0% used [0x00000006c3200000,0x00000006c3204000,0x00000006cdb80000)
 Metaspace       used 10818K, capacity 10984K, committed 11136K, reserved 1058816K
  class space    used 1319K, capacity 1380K, committed 1408K, reserved 1048576K
}

Deoptimization events (10 events):
Event: 0.874 Thread 0x0000000003382800 Uncommon trap: reason=unstable_if action=reinterpret pc=0x000000000377302c method=sun.nio.cs.StreamDecoder.implRead([CII)I @ 71
Event: 0.877 Thread 0x0000000003382800 Uncommon trap: reason=unstable_if action=reinterpret pc=0x000000000376a488 method=sun.nio.cs.StreamDecoder.implRead([CII)I @ 71
Event: 0.907 Thread 0x0000000003382800 Uncommon trap: reason=unstable_if action=reinterpret pc=0x0000000003762c10 method=java.io.Reader.read()I @ 12
Event: 0.910 Thread 0x0000000003382800 Uncommon trap: reason=unstable_if action=reinterpret pc=0x000000000377f214 method=org.codehaus.plexus.util.xml.pull.MXParser.nextImpl()I @ 241
Event: 0.911 Thread 0x0000000003382800 Uncommon trap: reason=unstable_if action=reinterpret pc=0x000000000377a110 method=sun.nio.cs.StreamDecoder.implRead([CII)I @ 197
Event: 0.911 Thread 0x0000000003382800 Uncommon trap: reason=unstable_if action=reinterpret pc=0x0000000003781814 method=java.io.Reader.read()I @ 12
Event: 0.952 Thread 0x0000000003382800 Uncommon trap: reason=unstable_if action=reinterpret pc=0x0000000003734ed8 method=java.util.HashMap.getNode(ILjava/lang/Object;)Ljava/util/HashMap$Node; @ 129
Event: 0.961 Thread 0x0000000003382800 Uncommon trap: reason=range_check action=make_not_entrant pc=0x00000000037d57e8 method=sun.reflect.generics.parser.SignatureParser.current()C @ 34
Event: 1.455 Thread 0x0000000003382800 Uncommon trap: reason=unstable_if action=reinterpret pc=0x000000000399ec18 method=org.eclipse.sisu.inject.InjectorBindings.isAssignableFrom(Lcom/google/inject/TypeLiteral;Lcom/google/inject/Binding;)Z @ 14
Event: 1.456 Thread 0x0000000003382800 Uncommon trap: reason=null_check action=make_not_entrant pc=0x000000000364c1d8 method=java.lang.String.equals(Ljava/lang/Object;)Z @ 8

Classes redefined (0 events):
No events

Internal exceptions (10 events):
Event: 0.834 Thread 0x0000000003382800 Exception <a 'java/lang/ArrayIndexOutOfBoundsException'> (0x000000076d713ad8) thrown at [C:\re\workspace\8-2-build-windows-amd64-cygwin\jdk8u221\13320\hotspot\src\share\vm\runtime\sharedRuntime.cpp, line 605]
Event: 0.837 Thread 0x0000000003382800 Exception <a 'java/lang/ArrayIndexOutOfBoundsException'> (0x000000076d735188) thrown at [C:\re\workspace\8-2-build-windows-amd64-cygwin\jdk8u221\13320\hotspot\src\share\vm\runtime\sharedRuntime.cpp, line 605]
Event: 0.841 Thread 0x0000000003382800 Exception <a 'java/lang/ArrayIndexOutOfBoundsException'> (0x000000076d77e250) thrown at [C:\re\workspace\8-2-build-windows-amd64-cygwin\jdk8u221\13320\hotspot\src\share\vm\runtime\sharedRuntime.cpp, line 605]
Event: 0.916 Thread 0x0000000003382800 Exception <a 'java/lang/ArrayIndexOutOfBoundsException'> (0x000000076e1b9e98) thrown at [C:\re\workspace\8-2-build-windows-amd64-cygwin\jdk8u221\13320\hotspot\src\share\vm\runtime\sharedRuntime.cpp, line 605]
Event: 0.916 Thread 0x0000000003382800 Exception <a 'java/lang/ArrayIndexOutOfBoundsException'> (0x000000076e1be7f8) thrown at [C:\re\workspace\8-2-build-windows-amd64-cygwin\jdk8u221\13320\hotspot\src\share\vm\runtime\sharedRuntime.cpp, line 605]
Event: 0.961 Thread 0x0000000003382800 Exception <a 'java/lang/ArrayIndexOutOfBoundsException': 66> (0x000000076e56ac90) thrown at [C:\re\workspace\8-2-build-windows-amd64-cygwin\jdk8u221\13320\hotspot\src\share\vm\interpreter\interpreterRuntime.cpp, line 368]
Event: 1.400 Thread 0x0000000003382800 Exception <a 'java/lang/NoClassDefFoundError': com/google/inject/servlet/ServletModuleTargetVisitor> (0x000000076d450de8) thrown at [C:\re\workspace\8-2-build-windows-amd64-cygwin\jdk8u221\13320\hotspot\src\share\vm\classfile\systemDictionary.cpp, line 19
Event: 1.400 Thread 0x0000000003382800 Exception <a 'java/lang/NoClassDefFoundError'> (0x000000076d450de8) thrown at [C:\re\workspace\8-2-build-windows-amd64-cygwin\jdk8u221\13320\hotspot\src\share\vm\prims\jvm.cpp, line 1506]
Event: 1.401 Thread 0x0000000003382800 Exception <a 'java/lang/NoClassDefFoundError': javax/annotation/Priority> (0x000000076d455df0) thrown at [C:\re\workspace\8-2-build-windows-amd64-cygwin\jdk8u221\13320\hotspot\src\share\vm\classfile\systemDictionary.cpp, line 199]
Event: 1.456 Thread 0x0000000003382800 Implicit null exception at 0x000000000364bfd9 to 0x000000000364c1c9

Events (10 events):
Event: 1.477 loading class org/apache/maven/toolchain/model/io/xpp3/MavenToolchainsXpp3Reader$ContentTransformer
Event: 1.477 loading class org/apache/maven/toolchain/model/io/xpp3/MavenToolchainsXpp3Reader$ContentTransformer done
Event: 1.478 loading class org/apache/maven/toolchain/model/io/xpp3/MavenToolchainsXpp3Reader$1
Event: 1.478 loading class org/apache/maven/toolchain/model/io/xpp3/MavenToolchainsXpp3Reader$1 done
Event: 1.479 loading class org/apache/maven/toolchain/model/io/xpp3/MavenToolchainsXpp3Writer
Event: 1.479 loading class org/apache/maven/toolchain/model/io/xpp3/MavenToolchainsXpp3Writer done
Event: 1.480 loading class org/apache/maven/toolchain/building/DefaultToolchainsBuilder$1
Event: 1.480 loading class org/apache/maven/toolchain/building/DefaultToolchainsBuilder$1 done
Event: 1.481 loading class org/apache/maven/toolchain/building/DefaultToolchainsBuildingResult
Event: 1.481 loading class org/apache/maven/toolchain/building/DefaultToolchainsBuildingResult done


Dynamic libraries:
0x00007ff618f90000 - 0x00007ff618fc7000 	C:\Program Files\Java\jdk1.8.0_221\bin\java.exe
0x00007fff52040000 - 0x00007fff52249000 	C:\Windows\SYSTEM32\ntdll.dll
0x00007fff517a0000 - 0x00007fff5185e000 	C:\Windows\System32\KERNEL32.DLL
0x00007fff4f5e0000 - 0x00007fff4f95b000 	C:\Windows\System32\KERNELBASE.dll
0x00007fff51860000 - 0x00007fff5190e000 	C:\Windows\System32\ADVAPI32.dll
0x00007fff51990000 - 0x00007fff51a33000 	C:\Windows\System32\msvcrt.dll
0x00007fff4fec0000 - 0x00007fff4ff5e000 	C:\Windows\System32\sechost.dll
0x00007fff508f0000 - 0x00007fff50a10000 	C:\Windows\System32\RPCRT4.dll
0x00007fff50bf0000 - 0x00007fff50d9d000 	C:\Windows\System32\USER32.dll
0x00007fff4f510000 - 0x00007fff4f536000 	C:\Windows\System32\win32u.dll
0x00007fff4ff60000 - 0x00007fff4ff89000 	C:\Windows\System32\GDI32.dll
0x00007fff4fc60000 - 0x00007fff4fd78000 	C:\Windows\System32\gdi32full.dll
0x00007fff4f540000 - 0x00007fff4f5dd000 	C:\Windows\System32\msvcp_win.dll
0x00007fff4f960000 - 0x00007fff4fa71000 	C:\Windows\System32\ucrtbase.dll
0x00007fff40780000 - 0x00007fff40a25000 	C:\Windows\WinSxS\amd64_microsoft.windows.common-controls_6595b64144ccf1df_6.0.22000.120_none_9d947278b86cc467\COMCTL32.dll
0x00007fff50850000 - 0x00007fff50882000 	C:\Windows\System32\IMM32.DLL
0x00007ffeef280000 - 0x00007ffeef8f2000 	C:\Program Files\McAfee\DLP\Agent\fcagpph64.dll
0x00007fff50da0000 - 0x00007fff51557000 	C:\Windows\System32\SHELL32.dll
0x00007fff505c0000 - 0x00007fff5075a000 	C:\Windows\System32\ole32.dll
0x00007fff51a60000 - 0x00007fff51dd8000 	C:\Windows\System32\combase.dll
0x00007fff51fa0000 - 0x00007fff51ffd000 	C:\Windows\System32\SHLWAPI.dll
0x00007fff50a10000 - 0x00007fff50a7f000 	C:\Windows\System32\WS2_32.dll
0x00007fff516c0000 - 0x00007fff51796000 	C:\Windows\System32\OLEAUT32.dll
0x00007fff1f500000 - 0x00007fff1f59c000 	C:\Windows\SYSTEM32\WINSPOOL.DRV
0x00007fff46f60000 - 0x00007fff46f6a000 	C:\Windows\SYSTEM32\VERSION.dll
0x00007fff4e910000 - 0x00007fff4e952000 	C:\Windows\SYSTEM32\SspiCli.dll
0x00007fff4e6a0000 - 0x00007fff4e6d4000 	C:\Windows\SYSTEM32\ntmarta.dll
0x00007ffee6d80000 - 0x00007ffee725e000 	C:\Program Files\McAfee\DLP\Agent\fcagafa64.dll
0x0000000002ef0000 - 0x0000000002f04000 	C:\Windows\System32\umppc16207.dll
0x0000000058890000 - 0x0000000058962000 	C:\Program Files\Java\jdk1.8.0_221\jre\bin\msvcr100.dll
0x0000000057fe0000 - 0x0000000058885000 	C:\Program Files\Java\jdk1.8.0_221\jre\bin\server\jvm.dll
0x00007fff51df0000 - 0x00007fff51df8000 	C:\Windows\System32\PSAPI.DLL
0x00007fff305d0000 - 0x00007fff305d9000 	C:\Windows\SYSTEM32\WSOCK32.dll
0x00007fff4c930000 - 0x00007fff4c963000 	C:\Windows\SYSTEM32\WINMM.dll
0x00007fff4a030000 - 0x00007fff4a03f000 	C:\Program Files\Java\jdk1.8.0_221\jre\bin\verify.dll
0x00007fff447e0000 - 0x00007fff44809000 	C:\Program Files\Java\jdk1.8.0_221\jre\bin\java.dll
0x00007fff487c0000 - 0x00007fff487e3000 	C:\Program Files\Java\jdk1.8.0_221\jre\bin\instrument.dll
0x00007fff447c0000 - 0x00007fff447d6000 	C:\Program Files\Java\jdk1.8.0_221\jre\bin\zip.dll
0x00007fff4d610000 - 0x00007fff4de75000 	C:\Windows\SYSTEM32\windows.storage.dll
0x00007fff4d4a0000 - 0x00007fff4d606000 	C:\Windows\SYSTEM32\wintypes.dll
0x00007fff51560000 - 0x00007fff5164a000 	C:\Windows\System32\SHCORE.dll
0x00007fff4f440000 - 0x00007fff4f461000 	C:\Windows\SYSTEM32\profapi.dll
0x00007fff44740000 - 0x00007fff4475a000 	C:\Program Files\JetBrains\IntelliJ IDEA Community Edition 2020.3.1\bin\breakgen64.dll
0x00007fff447a0000 - 0x00007fff447ba000 	C:\Program Files\Java\jdk1.8.0_221\jre\bin\net.dll
0x00007fff46980000 - 0x00007fff46b70000 	C:\Windows\SYSTEM32\urlmon.dll
0x00007fff466c0000 - 0x00007fff46973000 	C:\Windows\SYSTEM32\iertutil.dll
0x00007fff46690000 - 0x00007fff466b8000 	C:\Windows\SYSTEM32\srvcli.dll
0x00007fff4e130000 - 0x00007fff4e13c000 	C:\Windows\SYSTEM32\netutils.dll
0x00007fff4eb20000 - 0x00007fff4eb87000 	C:\Windows\system32\mswsock.dll
0x00007fff4ed60000 - 0x00007fff4ed78000 	C:\Windows\SYSTEM32\CRYPTSP.dll
0x00007fff4e5e0000 - 0x00007fff4e615000 	C:\Windows\system32\rsaenh.dll
0x00007fff4ec10000 - 0x00007fff4ec39000 	C:\Windows\SYSTEM32\USERENV.dll
0x00007fff4eef0000 - 0x00007fff4ef17000 	C:\Windows\SYSTEM32\bcrypt.dll
0x00000000032c0000 - 0x000000000333f000 	C:\Windows\System32\bcryptprimitives.dll
0x00007fff4ed80000 - 0x00007fff4ed8c000 	C:\Windows\SYSTEM32\CRYPTBASE.dll
0x00007fff4e1f0000 - 0x00007fff4e21d000 	C:\Windows\SYSTEM32\IPHLPAPI.DLL
0x00007fff51e70000 - 0x00007fff51e79000 	C:\Windows\System32\NSI.dll
0x00007fff47c20000 - 0x00007fff47c39000 	C:\Windows\SYSTEM32\dhcpcsvc6.DLL
0x00007fff47f30000 - 0x00007fff47f4e000 	C:\Windows\SYSTEM32\dhcpcsvc.DLL
0x00007fff4e220000 - 0x00007fff4e308000 	C:\Windows\SYSTEM32\DNSAPI.dll
0x00007fff44780000 - 0x00007fff44792000 	C:\Program Files\Java\jdk1.8.0_221\jre\bin\nio.dll
0x00007fff487b0000 - 0x00007fff487ba000 	C:\Users\Jerico Maramot\AppData\Local\Temp\jansi-1.17.1-5872719074787209943.dll
0x00007fff44730000 - 0x00007fff4473a000 	C:\Users\Jerico Maramot\AppData\Local\Temp\jansi-1.17.1-383694180674900118.dll

VM Arguments:
jvm_args: -Dmaven.multiModuleProjectDirectory=D:\dwcc-demo\dwcc-demo\dwcc-demo-twitter-stream -Dmaven.home=C:\Program Files\JetBrains\IntelliJ IDEA Community Edition 2020.3.1\plugins\maven\lib\maven3 -Dclassworlds.conf=C:\Program Files\JetBrains\IntelliJ IDEA Community Edition 2020.3.1\plugins\maven\lib\maven3\bin\m2.conf -Dmaven.ext.class.path=C:\Program Files\JetBrains\IntelliJ IDEA Community Edition 2020.3.1\plugins\maven\lib\maven-event-listener.jar -javaagent:C:\Program Files\JetBrains\IntelliJ IDEA Community Edition 2020.3.1\lib\idea_rt.jar=59944:C:\Program Files\JetBrains\IntelliJ IDEA Community Edition 2020.3.1\bin -Dfile.encoding=UTF-8 
java_command: org.codehaus.classworlds.Launcher -Didea.version=2020.3.1 clean install
java_class_path (initial): C:\Program Files\JetBrains\IntelliJ IDEA Community Edition 2020.3.1\plugins\maven\lib\maven3\boot\plexus-classworlds-2.6.0.jar;C:\Program Files\JetBrains\IntelliJ IDEA Community Edition 2020.3.1\plugins\maven\lib\maven3\boot\plexus-classworlds.license;C:\Program Files\JetBrains\IntelliJ IDEA Community Edition 2020.3.1\lib\idea_rt.jar
Launcher Type: SUN_STANDARD

Environment Variables:
JAVA_HOME=C:\Program Files\Java\jdk1.8.0_221
PATH=C:\Windows\System32\HWAudioDriverLibs;C:\Program Files (x86)\Common Files\Oracle\Java\javapath;C:\Windows\system32;C:\Windows;C:\Windows\System32\Wbem;C:\Windows\System32\WindowsPowerShell\v1.0\;C:\Windows\System32\OpenSSH\;C:\Program Files\Git\cmd;C:\Windows\system32\config\systemprofile\AppData\Local\Microsoft\WindowsApps;C:\Program Files\Snowflake SnowSQL\;C:\Users\Jerico Maramot\AppData\Local\Microsoft\WindowsApps;;C:\Users\Jerico Maramot\AppData\Local\Programs\Microsoft VS Code\bin
USERNAME=Jerico Maramot
OS=Windows_NT
PROCESSOR_IDENTIFIER=Intel64 Family 6 Model 140 Stepping 1, GenuineIntel



---------------  S Y S T E M  ---------------

OS: Windows 10.0 , 64 bit Build 22000 (10.0.22000.1335)

CPU:total 8 (initial active 8) (4 cores per cpu, 2 threads per core) family 6 model 140 stepping 1, cmov, cx8, fxsr, mmx, sse, sse2, sse3, ssse3, sse4.1, sse4.2, popcnt, avx, avx2, aes, clmul, erms, 3dnowpref, lzcnt, ht, tsc, tscinvbit, bmi1, bmi2, adx

Memory: 4k page, physical 16571704k(677292k free), swap 32300340k(3076k free)

vm_info: Java HotSpot(TM) 64-Bit Server VM (25.221-b11) for windows-amd64 JRE (1.8.0_221-b11), built on Jul  4 2019 04:39:29 by "java_re" with MS VC++ 10.0 (VS2010)

time: Fri Jan 27 14:48:48 2023
timezone: Malay Peninsula Standard Time
elapsed time: 1 seconds (0d 0h 0m 1s)

