#
# There is insufficient memory for the Java Runtime Environment to continue.
# Native memory allocation (malloc) failed to allocate 1901776 bytes for Chunk::new
# Possible reasons:
#   The system is out of physical RAM or swap space
#   The process is running with CompressedOops enabled, and the Java Heap may be blocking the growth of the native heap
# Possible solutions:
#   Reduce memory load on the system
#   Increase physical memory or swap space
#   Check if swap backing store is full
#   Decrease Java heap size (-Xmx/-Xms)
#   Decrease number of Java threads
#   Decrease Java thread stack sizes (-Xss)
#   Set larger code cache with -XX:ReservedCodeCacheSize=
#   JVM is running with Zero Based Compressed Oops mode in which the Java heap is
#     placed in the first 32GB address space. The Java Heap base address is the
#     maximum limit for the native heap growth. Please use -XX:HeapBaseMinAddress
#     to set the Java Heap base and to place the Java Heap above 32GB virtual address.
# This output file may be truncated or incomplete.
#
#  Out of Memory Error (allocation.cpp:389), pid=23496, tid=0x0000000000008f48
#
# JRE version: Java(TM) SE Runtime Environment (8.0_221-b11) (build 1.8.0_221-b11)
# Java VM: Java HotSpot(TM) 64-Bit Server VM (25.221-b11 mixed mode windows-amd64 compressed oops)
# Failed to write core dump. Minidumps are not enabled by default on client versions of Windows
#

---------------  T H R E A D  ---------------

Current thread (0x000000001f141000):  JavaThread "C2 CompilerThread0" daemon [_thread_in_native, id=36680, stack(0x000000001f9a0000,0x000000001faa0000)]

Stack: [0x000000001f9a0000,0x000000001faa0000]
[error occurred during error reporting (printing stack bounds), id 0xc0000005]

Native frames: (J=compiled Java code, j=interpreted, Vv=VM code, C=native code)


Current CompileTask:
C2:   6178 4680       4       org.objectweb.asm.ClassReader::readCode (5089 bytes)


---------------  P R O C E S S  ---------------

Java Threads: ( => current thread )
  0x000000001f1e8000 JavaThread "Service Thread" daemon [_thread_blocked, id=36932, stack(0x000000001fda0000,0x000000001fea0000)]
  0x000000001f14c800 JavaThread "C1 CompilerThread3" daemon [_thread_blocked, id=37732, stack(0x000000001fca0000,0x000000001fda0000)]
  0x000000001f148800 JavaThread "C2 CompilerThread2" daemon [_thread_in_native, id=37316, stack(0x000000001fba0000,0x000000001fca0000)]
  0x000000001f142000 JavaThread "C2 CompilerThread1" daemon [_thread_in_native, id=33772, stack(0x000000001faa0000,0x000000001fba0000)]
=>0x000000001f141000 JavaThread "C2 CompilerThread0" daemon [_thread_in_native, id=36680, stack(0x000000001f9a0000,0x000000001faa0000)]
  0x000000001f13e800 JavaThread "Monitor Ctrl-Break" daemon [_thread_in_native, id=32276, stack(0x000000001f8a0000,0x000000001f9a0000)]
  0x000000001f0d1000 JavaThread "Attach Listener" daemon [_thread_blocked, id=33632, stack(0x000000001f7a0000,0x000000001f8a0000)]
  0x000000001f0d0000 JavaThread "Signal Dispatcher" daemon [_thread_blocked, id=11012, stack(0x000000001f6a0000,0x000000001f7a0000)]
  0x000000001f0c1800 JavaThread "Finalizer" daemon [_thread_blocked, id=16480, stack(0x000000001f5a0000,0x000000001f6a0000)]
  0x000000001f0c0800 JavaThread "Reference Handler" daemon [_thread_blocked, id=22796, stack(0x000000001f4a0000,0x000000001f5a0000)]
  0x0000000003872800 JavaThread "main" [_thread_in_native, id=37252, stack(0x0000000003580000,0x0000000003680000)]

Other Threads:
  0x000000001d2ba000 VMThread [stack: 0x000000001efa0000,0x000000001f0a0000] [id=20836]
  0x000000001f1ec000 WatcherThread [stack: 0x000000001fea0000,0x000000001ffa0000] [id=25828]

VM state:not at safepoint (normal execution)

VM Mutex/Monitor currently owned by a thread: None

heap address: 0x00000006c3200000, size: 4046 MB, Compressed Oops mode: Zero based, Oop shift amount: 3
Narrow klass base: 0x0000000000000000, Narrow klass shift: 3
Compressed class space size: 1073741824 Address: 0x00000007c0000000

Heap:
 PSYoungGen      total 203264K, used 35503K [0x000000076bb80000, 0x0000000779880000, 0x00000007c0000000)
  eden space 188928K, 11% used [0x000000076bb80000,0x000000076d18d7a0,0x0000000777400000)
  from space 14336K, 90% used [0x0000000778280000,0x0000000778f1e628,0x0000000779080000)
  to   space 14848K, 0% used [0x0000000777400000,0x0000000777400000,0x0000000778280000)
 ParOldGen       total 108032K, used 11593K [0x00000006c3200000, 0x00000006c9b80000, 0x000000076bb80000)
  object space 108032K, 10% used [0x00000006c3200000,0x00000006c3d527a0,0x00000006c9b80000)
 Metaspace       used 25730K, capacity 26440K, committed 26624K, reserved 1073152K
  class space    used 3006K, capacity 3222K, committed 3328K, reserved 1048576K

Card table byte_map: [0x0000000012d30000,0x0000000013520000] byte_map_base: 0x000000000f717000

Marking Bits: (ParMarkBitMap*) 0x0000000058805ce0
 Begin Bits: [0x0000000014270000, 0x00000000181a8000)
 End Bits:   [0x00000000181a8000, 0x000000001c0e0000)

Polling page: 0x00000000033f0000

CodeCache: size=245760Kb used=16180Kb max_used=16277Kb free=229579Kb
 bounds [0x0000000003970000, 0x0000000004a40000, 0x0000000012970000]
 total_blobs=4648 nmethods=4228 adapters=332
 compilation: enabled

Compilation events (10 events):
Event: 6.122 Thread 0x000000001f14c800 4693       3       org.apache.maven.cli.logging.Slf4jLogger::debug (11 bytes)
Event: 6.122 Thread 0x000000001f14c800 nmethod 4693 0x0000000003a8c210 code [0x0000000003a8c380, 0x0000000003a8c5a8]
Event: 6.122 Thread 0x000000001f14c800 4694       3       org.slf4j.impl.SimpleLogger::debug (9 bytes)
Event: 6.122 Thread 0x000000001f14c800 nmethod 4694 0x0000000003d1a9d0 code [0x0000000003d1ab40, 0x0000000003d1ace8]
Event: 6.139 Thread 0x000000001f148800 nmethod 4687 0x0000000003ea2ed0 code [0x0000000003ea3220, 0x0000000003ea6af0]
Event: 6.139 Thread 0x000000001f148800 4689       4       org.objectweb.asm.ClassReader::getFirstAttributeOffset (136 bytes)
Event: 6.139 Thread 0x000000001f14c800 4695       3       java.lang.Throwable::<init> (34 bytes)
Event: 6.139 Thread 0x000000001f14c800 nmethod 4695 0x0000000003af4850 code [0x0000000003af49e0, 0x0000000003af4f88]
Event: 6.142 Thread 0x000000001f148800 nmethod 4689 0x0000000003c55bd0 code [0x0000000003c55d20, 0x0000000003c561d8]
Event: 6.142 Thread 0x000000001f148800 4691       4       org.objectweb.asm.ClassWriter::toByteArray (1513 bytes)

GC Heap History (10 events):
Event: 4.958 GC heap before
{Heap before GC invocations=7 (full 1):
 PSYoungGen      total 75776K, used 74569K [0x000000076bb80000, 0x0000000772d80000, 0x00000007c0000000)
  eden space 65024K, 100% used [0x000000076bb80000,0x000000076fb00000,0x000000076fb00000)
  from space 10752K, 88% used [0x000000076fb00000,0x0000000770452550,0x0000000770580000)
  to   space 10752K, 0% used [0x0000000772300000,0x0000000772300000,0x0000000772d80000)
 ParOldGen       total 108032K, used 9607K [0x00000006c3200000, 0x00000006c9b80000, 0x000000076bb80000)
  object space 108032K, 8% used [0x00000006c3200000,0x00000006c3b61d48,0x00000006c9b80000)
 Metaspace       used 25515K, capacity 26248K, committed 26624K, reserved 1073152K
  class space    used 3005K, capacity 3222K, committed 3328K, reserved 1048576K
Event: 4.964 GC heap after
Heap after GC invocations=7 (full 1):
 PSYoungGen      total 104448K, used 10743K [0x000000076bb80000, 0x0000000773000000, 0x00000007c0000000)
  eden space 93696K, 0% used [0x000000076bb80000,0x000000076bb80000,0x0000000771700000)
  from space 10752K, 99% used [0x0000000772300000,0x0000000772d7dd98,0x0000000772d80000)
  to   space 12288K, 0% used [0x0000000771700000,0x0000000771700000,0x0000000772300000)
 ParOldGen       total 108032K, used 11423K [0x00000006c3200000, 0x00000006c9b80000, 0x000000076bb80000)
  object space 108032K, 10% used [0x00000006c3200000,0x00000006c3d27ee0,0x00000006c9b80000)
 Metaspace       used 25515K, capacity 26248K, committed 26624K, reserved 1073152K
  class space    used 3005K, capacity 3222K, committed 3328K, reserved 1048576K
}
Event: 5.494 GC heap before
{Heap before GC invocations=8 (full 1):
 PSYoungGen      total 104448K, used 104439K [0x000000076bb80000, 0x0000000773000000, 0x00000007c0000000)
  eden space 93696K, 100% used [0x000000076bb80000,0x0000000771700000,0x0000000771700000)
  from space 10752K, 99% used [0x0000000772300000,0x0000000772d7dd98,0x0000000772d80000)
  to   space 12288K, 0% used [0x0000000771700000,0x0000000771700000,0x0000000772300000)
 ParOldGen       total 108032K, used 11423K [0x00000006c3200000, 0x00000006c9b80000, 0x000000076bb80000)
  object space 108032K, 10% used [0x00000006c3200000,0x00000006c3d27ee0,0x00000006c9b80000)
 Metaspace       used 25676K, capacity 26440K, committed 26624K, reserved 1073152K
  class space    used 3006K, capacity 3222K, committed 3328K, reserved 1048576K
Event: 5.499 GC heap after
Heap after GC invocations=8 (full 1):
 PSYoungGen      total 105984K, used 11611K [0x000000076bb80000, 0x0000000775a80000, 0x00000007c0000000)
  eden space 93696K, 0% used [0x000000076bb80000,0x000000076bb80000,0x0000000771700000)
  from space 12288K, 94% used [0x0000000771700000,0x0000000772256f38,0x0000000772300000)
  to   space 12800K, 0% used [0x0000000774e00000,0x0000000774e00000,0x0000000775a80000)
 ParOldGen       total 108032K, used 11431K [0x00000006c3200000, 0x00000006c9b80000, 0x000000076bb80000)
  object space 108032K, 10% used [0x00000006c3200000,0x00000006c3d29ee0,0x00000006c9b80000)
 Metaspace       used 25676K, capacity 26440K, committed 26624K, reserved 1073152K
  class space    used 3006K, capacity 3222K, committed 3328K, reserved 1048576K
}
Event: 5.691 GC heap before
{Heap before GC invocations=9 (full 1):
 PSYoungGen      total 105984K, used 105307K [0x000000076bb80000, 0x0000000775a80000, 0x00000007c0000000)
  eden space 93696K, 100% used [0x000000076bb80000,0x0000000771700000,0x0000000771700000)
  from space 12288K, 94% used [0x0000000771700000,0x0000000772256f38,0x0000000772300000)
  to   space 12800K, 0% used [0x0000000774e00000,0x0000000774e00000,0x0000000775a80000)
 ParOldGen       total 108032K, used 11431K [0x00000006c3200000, 0x00000006c9b80000, 0x000000076bb80000)
  object space 108032K, 10% used [0x00000006c3200000,0x00000006c3d29ee0,0x00000006c9b80000)
 Metaspace       used 25699K, capacity 26440K, committed 26624K, reserved 1073152K
  class space    used 3006K, capacity 3222K, committed 3328K, reserved 1048576K
Event: 5.698 GC heap after
Heap after GC invocations=9 (full 1):
 PSYoungGen      total 149504K, used 12169K [0x000000076bb80000, 0x0000000776800000, 0x00000007c0000000)
  eden space 136704K, 0% used [0x000000076bb80000,0x000000076bb80000,0x0000000774100000)
  from space 12800K, 95% used [0x0000000774e00000,0x00000007759e27a8,0x0000000775a80000)
  to   space 13312K, 0% used [0x0000000774100000,0x0000000774100000,0x0000000774e00000)
 ParOldGen       total 108032K, used 11431K [0x00000006c3200000, 0x00000006c9b80000, 0x000000076bb80000)
  object space 108032K, 10% used [0x00000006c3200000,0x00000006c3d29ee0,0x00000006c9b80000)
 Metaspace       used 25699K, capacity 26440K, committed 26624K, reserved 1073152K
  class space    used 3006K, capacity 3222K, committed 3328K, reserved 1048576K
}
Event: 5.973 GC heap before
{Heap before GC invocations=10 (full 1):
 PSYoungGen      total 149504K, used 148873K [0x000000076bb80000, 0x0000000776800000, 0x00000007c0000000)
  eden space 136704K, 100% used [0x000000076bb80000,0x0000000774100000,0x0000000774100000)
  from space 12800K, 95% used [0x0000000774e00000,0x00000007759e27a8,0x0000000775a80000)
  to   space 13312K, 0% used [0x0000000774100000,0x0000000774100000,0x0000000774e00000)
 ParOldGen       total 108032K, used 11431K [0x00000006c3200000, 0x00000006c9b80000, 0x000000076bb80000)
  object space 108032K, 10% used [0x00000006c3200000,0x00000006c3d29ee0,0x00000006c9b80000)
 Metaspace       used 25717K, capacity 26440K, committed 26624K, reserved 1073152K
  class space    used 3006K, capacity 3222K, committed 3328K, reserved 1048576K
Event: 5.981 GC heap after
Heap after GC invocations=10 (full 1):
 PSYoungGen      total 150016K, used 13284K [0x000000076bb80000, 0x0000000779080000, 0x00000007c0000000)
  eden space 136704K, 0% used [0x000000076bb80000,0x000000076bb80000,0x0000000774100000)
  from space 13312K, 99% used [0x0000000774100000,0x0000000774df93a0,0x0000000774e00000)
  to   space 14336K, 0% used [0x0000000778280000,0x0000000778280000,0x0000000779080000)
 ParOldGen       total 108032K, used 11585K [0x00000006c3200000, 0x00000006c9b80000, 0x000000076bb80000)
  object space 108032K, 10% used [0x00000006c3200000,0x00000006c3d507a0,0x00000006c9b80000)
 Metaspace       used 25717K, capacity 26440K, committed 26624K, reserved 1073152K
  class space    used 3006K, capacity 3222K, committed 3328K, reserved 1048576K
}
Event: 6.145 GC heap before
{Heap before GC invocations=11 (full 1):
 PSYoungGen      total 150016K, used 149988K [0x000000076bb80000, 0x0000000779080000, 0x00000007c0000000)
  eden space 136704K, 100% used [0x000000076bb80000,0x0000000774100000,0x0000000774100000)
  from space 13312K, 99% used [0x0000000774100000,0x0000000774df93a0,0x0000000774e00000)
  to   space 14336K, 0% used [0x0000000778280000,0x0000000778280000,0x0000000779080000)
 ParOldGen       total 108032K, used 11585K [0x00000006c3200000, 0x00000006c9b80000, 0x000000076bb80000)
  object space 108032K, 10% used [0x00000006c3200000,0x00000006c3d507a0,0x00000006c9b80000)
 Metaspace       used 25730K, capacity 26440K, committed 26624K, reserved 1073152K
  class space    used 3006K, capacity 3222K, committed 3328K, reserved 1048576K
Event: 6.154 GC heap after
Heap after GC invocations=11 (full 1):
 PSYoungGen      total 203264K, used 12921K [0x000000076bb80000, 0x0000000779880000, 0x00000007c0000000)
  eden space 188928K, 0% used [0x000000076bb80000,0x000000076bb80000,0x0000000777400000)
  from space 14336K, 90% used [0x0000000778280000,0x0000000778f1e628,0x0000000779080000)
  to   space 14848K, 0% used [0x0000000777400000,0x0000000777400000,0x0000000778280000)
 ParOldGen       total 108032K, used 11593K [0x00000006c3200000, 0x00000006c9b80000, 0x000000076bb80000)
  object space 108032K, 10% used [0x00000006c3200000,0x00000006c3d527a0,0x00000006c9b80000)
 Metaspace       used 25730K, capacity 26440K, committed 26624K, reserved 1073152K
  class space    used 3006K, capacity 3222K, committed 3328K, reserved 1048576K
}

Deoptimization events (10 events):
Event: 4.870 Thread 0x0000000003872800 Uncommon trap: reason=bimorphic action=maybe_recompile pc=0x00000000042ed684 method=java.util.regex.Matcher.match(II)Z @ 86
Event: 5.663 Thread 0x0000000003872800 Uncommon trap: reason=unstable_if action=reinterpret pc=0x00000000048b3abc method=org.codehaus.plexus.util.SelectorUtils.separatorPatternStartSlashMismatch(Ljava/lang/String;Ljava/lang/String;Ljava/lang/String;)Z @ 10
Event: 5.663 Thread 0x0000000003872800 Uncommon trap: reason=unstable_if action=reinterpret pc=0x000000000482a090 method=org.codehaus.plexus.util.SelectorUtils.match([C[CZ)Z @ 146
Event: 5.856 Thread 0x0000000003872800 Uncommon trap: reason=unstable_if action=reinterpret pc=0x000000000488c8ac method=org.objectweb.asm.ClassReader.readUtf(II[C)Ljava/lang/String; @ 41
Event: 5.856 Thread 0x0000000003872800 Uncommon trap: reason=unstable_if action=reinterpret pc=0x00000000048a9a60 method=org.objectweb.asm.ByteVector.putUTF8(Ljava/lang/String;)Lorg/objectweb/asm/ByteVector; @ 93
Event: 5.861 Thread 0x0000000003872800 Uncommon trap: reason=unstable_if action=reinterpret pc=0x0000000004833928 method=org.objectweb.asm.ClassReader.readUtf(II[C)Ljava/lang/String; @ 41
Event: 5.861 Thread 0x0000000003872800 Uncommon trap: reason=unstable_if action=reinterpret pc=0x000000000483d4c0 method=org.objectweb.asm.ByteVector.putUTF8(Ljava/lang/String;)Lorg/objectweb/asm/ByteVector; @ 100
Event: 5.896 Thread 0x0000000003872800 Uncommon trap: reason=unstable_if action=reinterpret pc=0x0000000003bb02c4 method=org.objectweb.asm.signature.SignatureReader.accept(Lorg/objectweb/asm/signature/SignatureVisitor;)V @ 196
Event: 5.910 Thread 0x0000000003872800 Uncommon trap: reason=unstable_if action=reinterpret pc=0x000000000496b74c method=org.objectweb.asm.signature.SignatureReader.parseType(Ljava/lang/String;ILorg/objectweb/asm/signature/SignatureVisitor;)I @ 290
Event: 5.943 Thread 0x0000000003872800 Uncommon trap: reason=unstable_if action=reinterpret pc=0x0000000004988634 method=org.objectweb.asm.ClassReader.readCode(Lorg/objectweb/asm/MethodVisitor;Lorg/objectweb/asm/Context;I)V @ 1691

Classes redefined (0 events):
No events

Internal exceptions (10 events):
Event: 1.572 Thread 0x0000000003872800 Exception <a 'java/lang/NoClassDefFoundError'> (0x000000076d451040) thrown at [C:\re\workspace\8-2-build-windows-amd64-cygwin\jdk8u221\13320\hotspot\src\share\vm\prims\jvm.cpp, line 1506]
Event: 1.572 Thread 0x0000000003872800 Exception <a 'java/lang/NoClassDefFoundError': javax/annotation/Priority> (0x000000076d456048) thrown at [C:\re\workspace\8-2-build-windows-amd64-cygwin\jdk8u221\13320\hotspot\src\share\vm\classfile\systemDictionary.cpp, line 199]
Event: 1.631 Thread 0x0000000003872800 Implicit null exception at 0x0000000003b22759 to 0x0000000003b22949
Event: 1.887 Thread 0x0000000003872800 Implicit null exception at 0x0000000003fc4531 to 0x0000000003fc5835
Event: 2.245 Thread 0x0000000003872800 Implicit null exception at 0x0000000003d46295 to 0x0000000003d46495
Event: 2.247 Thread 0x0000000003872800 Implicit null exception at 0x0000000003cc78ef to 0x0000000003cc7959
Event: 3.228 Thread 0x0000000003872800 Exception <a 'java/lang/ClassNotFoundException': com/sun/tools/javac/api/JavacTool> (0x000000076f9d8580) thrown at [C:\re\workspace\8-2-build-windows-amd64-cygwin\jdk8u221\13320\hotspot\src\share\vm\classfile\systemDictionary.cpp, line 210]
Event: 3.687 Thread 0x0000000003872800 Exception <a 'java/io/FileNotFoundException'> (0x000000076c69d348) thrown at [C:\re\workspace\8-2-build-windows-amd64-cygwin\jdk8u221\13320\hotspot\src\share\vm\prims\jni.cpp, line 710]
Event: 3.692 Thread 0x0000000003872800 Exception <a 'java/io/FileNotFoundException'> (0x000000076c6d2ed0) thrown at [C:\re\workspace\8-2-build-windows-amd64-cygwin\jdk8u221\13320\hotspot\src\share\vm\prims\jni.cpp, line 710]
Event: 4.809 Thread 0x0000000003872800 Exception <a 'java/lang/NoClassDefFoundError': org/sonatype/aether/version/VersionConstraint> (0x000000076de9a7c0) thrown at [C:\re\workspace\8-2-build-windows-amd64-cygwin\jdk8u221\13320\hotspot\src\share\vm\classfile\systemDictionary.cpp, line 199]

Events (10 events):
Event: 5.981 Executing VM operation: RevokeBias
Event: 5.982 Executing VM operation: RevokeBias done
Event: 5.982 Executing VM operation: RevokeBias
Event: 5.982 Executing VM operation: RevokeBias done
Event: 5.982 Executing VM operation: RevokeBias
Event: 5.982 Executing VM operation: RevokeBias done
Event: 5.982 Executing VM operation: RevokeBias
Event: 5.982 Executing VM operation: RevokeBias done
Event: 6.145 Executing VM operation: ParallelGCFailedAllocation
Event: 6.154 Executing VM operation: ParallelGCFailedAllocation done


Dynamic libraries:
0x00007ff618f90000 - 0x00007ff618fc7000 	C:\Program Files\Java\jdk1.8.0_221\bin\java.exe
0x00007fff52040000 - 0x00007fff52249000 	C:\Windows\SYSTEM32\ntdll.dll
0x00007fff517a0000 - 0x00007fff5185e000 	C:\Windows\System32\KERNEL32.DLL
0x00007fff4f5e0000 - 0x00007fff4f95b000 	C:\Windows\System32\KERNELBASE.dll
0x00007fff51860000 - 0x00007fff5190e000 	C:\Windows\System32\ADVAPI32.dll
0x00007fff51990000 - 0x00007fff51a33000 	C:\Windows\System32\msvcrt.dll
0x00007fff4fec0000 - 0x00007fff4ff5e000 	C:\Windows\System32\sechost.dll
0x00007fff508f0000 - 0x00007fff50a10000 	C:\Windows\System32\RPCRT4.dll
0x00007fff50bf0000 - 0x00007fff50d9d000 	C:\Windows\System32\USER32.dll
0x00007fff4f510000 - 0x00007fff4f536000 	C:\Windows\System32\win32u.dll
0x00007fff4ff60000 - 0x00007fff4ff89000 	C:\Windows\System32\GDI32.dll
0x00007fff4fc60000 - 0x00007fff4fd78000 	C:\Windows\System32\gdi32full.dll
0x00007fff4f540000 - 0x00007fff4f5dd000 	C:\Windows\System32\msvcp_win.dll
0x00007fff4f960000 - 0x00007fff4fa71000 	C:\Windows\System32\ucrtbase.dll
0x00007fff40780000 - 0x00007fff40a25000 	C:\Windows\WinSxS\amd64_microsoft.windows.common-controls_6595b64144ccf1df_6.0.22000.120_none_9d947278b86cc467\COMCTL32.dll
0x00007fff50850000 - 0x00007fff50882000 	C:\Windows\System32\IMM32.DLL
0x00007ffeef280000 - 0x00007ffeef8f2000 	C:\Program Files\McAfee\DLP\Agent\fcagpph64.dll
0x00007fff50da0000 - 0x00007fff51557000 	C:\Windows\System32\SHELL32.dll
0x00007fff505c0000 - 0x00007fff5075a000 	C:\Windows\System32\ole32.dll
0x00007fff51a60000 - 0x00007fff51dd8000 	C:\Windows\System32\combase.dll
0x00007fff51fa0000 - 0x00007fff51ffd000 	C:\Windows\System32\SHLWAPI.dll
0x00007fff50a10000 - 0x00007fff50a7f000 	C:\Windows\System32\WS2_32.dll
0x00007fff516c0000 - 0x00007fff51796000 	C:\Windows\System32\OLEAUT32.dll
0x00007fff1f500000 - 0x00007fff1f59c000 	C:\Windows\SYSTEM32\WINSPOOL.DRV
0x00007fff46f60000 - 0x00007fff46f6a000 	C:\Windows\SYSTEM32\VERSION.dll
0x00007fff4e910000 - 0x00007fff4e952000 	C:\Windows\SYSTEM32\SspiCli.dll
0x00007fff4e6a0000 - 0x00007fff4e6d4000 	C:\Windows\SYSTEM32\ntmarta.dll
0x00007ffee6d80000 - 0x00007ffee725e000 	C:\Program Files\McAfee\DLP\Agent\fcagafa64.dll
0x0000000003420000 - 0x0000000003434000 	C:\Windows\System32\umppc16207.dll
0x0000000058890000 - 0x0000000058962000 	C:\Program Files\Java\jdk1.8.0_221\jre\bin\msvcr100.dll
0x0000000057fe0000 - 0x0000000058885000 	C:\Program Files\Java\jdk1.8.0_221\jre\bin\server\jvm.dll
0x00007fff51df0000 - 0x00007fff51df8000 	C:\Windows\System32\PSAPI.DLL
0x00007fff305d0000 - 0x00007fff305d9000 	C:\Windows\SYSTEM32\WSOCK32.dll
0x00007fff4c930000 - 0x00007fff4c963000 	C:\Windows\SYSTEM32\WINMM.dll
0x00007fff4a030000 - 0x00007fff4a03f000 	C:\Program Files\Java\jdk1.8.0_221\jre\bin\verify.dll
0x00007fff447e0000 - 0x00007fff44809000 	C:\Program Files\Java\jdk1.8.0_221\jre\bin\java.dll
0x00007fff487c0000 - 0x00007fff487e3000 	C:\Program Files\Java\jdk1.8.0_221\jre\bin\instrument.dll
0x00007fff447c0000 - 0x00007fff447d6000 	C:\Program Files\Java\jdk1.8.0_221\jre\bin\zip.dll
0x00007fff4d610000 - 0x00007fff4de75000 	C:\Windows\SYSTEM32\windows.storage.dll
0x00007fff4d4a0000 - 0x00007fff4d606000 	C:\Windows\SYSTEM32\wintypes.dll
0x00007fff51560000 - 0x00007fff5164a000 	C:\Windows\System32\SHCORE.dll
0x00007fff4f440000 - 0x00007fff4f461000 	C:\Windows\SYSTEM32\profapi.dll
0x00007fff44740000 - 0x00007fff4475a000 	C:\Program Files\JetBrains\IntelliJ IDEA Community Edition 2020.3.1\bin\breakgen64.dll
0x00007fff447a0000 - 0x00007fff447ba000 	C:\Program Files\Java\jdk1.8.0_221\jre\bin\net.dll
0x00007fff46980000 - 0x00007fff46b70000 	C:\Windows\SYSTEM32\urlmon.dll
0x00007fff466c0000 - 0x00007fff46973000 	C:\Windows\SYSTEM32\iertutil.dll
0x00007fff46690000 - 0x00007fff466b8000 	C:\Windows\SYSTEM32\srvcli.dll
0x00007fff4e130000 - 0x00007fff4e13c000 	C:\Windows\SYSTEM32\netutils.dll
0x00007fff4eb20000 - 0x00007fff4eb87000 	C:\Windows\system32\mswsock.dll
0x00007fff4ed60000 - 0x00007fff4ed78000 	C:\Windows\SYSTEM32\CRYPTSP.dll
0x00007fff4e5e0000 - 0x00007fff4e615000 	C:\Windows\system32\rsaenh.dll
0x00007fff4ec10000 - 0x00007fff4ec39000 	C:\Windows\SYSTEM32\USERENV.dll
0x00007fff4eef0000 - 0x00007fff4ef17000 	C:\Windows\SYSTEM32\bcrypt.dll
0x00000000036c0000 - 0x000000000373f000 	C:\Windows\System32\bcryptprimitives.dll
0x00007fff4ed80000 - 0x00007fff4ed8c000 	C:\Windows\SYSTEM32\CRYPTBASE.dll
0x00007fff4e1f0000 - 0x00007fff4e21d000 	C:\Windows\SYSTEM32\IPHLPAPI.DLL
0x00007fff51e70000 - 0x00007fff51e79000 	C:\Windows\System32\NSI.dll
0x00007fff47c20000 - 0x00007fff47c39000 	C:\Windows\SYSTEM32\dhcpcsvc6.DLL
0x00007fff47f30000 - 0x00007fff47f4e000 	C:\Windows\SYSTEM32\dhcpcsvc.DLL
0x00007fff4e220000 - 0x00007fff4e308000 	C:\Windows\SYSTEM32\DNSAPI.dll
0x00007fff44780000 - 0x00007fff44792000 	C:\Program Files\Java\jdk1.8.0_221\jre\bin\nio.dll
0x00007fff487b0000 - 0x00007fff487ba000 	C:\Users\Jerico Maramot\AppData\Local\Temp\jansi-1.17.1-860466247776931615.dll
0x00007fff44730000 - 0x00007fff4473a000 	C:\Users\Jerico Maramot\AppData\Local\Temp\jansi-1.17.1-3553727606301903353.dll

VM Arguments:
jvm_args: -Dmaven.multiModuleProjectDirectory=D:\dwcc-demo\dwcc-demo\dwcc-demo-twitter-stream -Dmaven.home=C:\Program Files\JetBrains\IntelliJ IDEA Community Edition 2020.3.1\plugins\maven\lib\maven3 -Dclassworlds.conf=C:\Program Files\JetBrains\IntelliJ IDEA Community Edition 2020.3.1\plugins\maven\lib\maven3\bin\m2.conf -Dmaven.ext.class.path=C:\Program Files\JetBrains\IntelliJ IDEA Community Edition 2020.3.1\plugins\maven\lib\maven-event-listener.jar -javaagent:C:\Program Files\JetBrains\IntelliJ IDEA Community Edition 2020.3.1\lib\idea_rt.jar=59967:C:\Program Files\JetBrains\IntelliJ IDEA Community Edition 2020.3.1\bin -Dfile.encoding=UTF-8 
java_command: org.codehaus.classworlds.Launcher -Didea.version=2020.3.1 clean install
java_class_path (initial): C:\Program Files\JetBrains\IntelliJ IDEA Community Edition 2020.3.1\plugins\maven\lib\maven3\boot\plexus-classworlds-2.6.0.jar;C:\Program Files\JetBrains\IntelliJ IDEA Community Edition 2020.3.1\plugins\maven\lib\maven3\boot\plexus-classworlds.license;C:\Program Files\JetBrains\IntelliJ IDEA Community Edition 2020.3.1\lib\idea_rt.jar
Launcher Type: SUN_STANDARD

Environment Variables:
JAVA_HOME=C:\Program Files\Java\jdk1.8.0_221
PATH=C:\Windows\System32\HWAudioDriverLibs;C:\Program Files (x86)\Common Files\Oracle\Java\javapath;C:\Windows\system32;C:\Windows;C:\Windows\System32\Wbem;C:\Windows\System32\WindowsPowerShell\v1.0\;C:\Windows\System32\OpenSSH\;C:\Program Files\Git\cmd;C:\Windows\system32\config\systemprofile\AppData\Local\Microsoft\WindowsApps;C:\Program Files\Snowflake SnowSQL\;C:\Users\Jerico Maramot\AppData\Local\Microsoft\WindowsApps;;C:\Users\Jerico Maramot\AppData\Local\Programs\Microsoft VS Code\bin
USERNAME=Jerico Maramot
OS=Windows_NT
PROCESSOR_IDENTIFIER=Intel64 Family 6 Model 140 Stepping 1, GenuineIntel



---------------  S Y S T E M  ---------------

OS: Windows 10.0 , 64 bit Build 22000 (10.0.22000.1335)

CPU:total 8 (initial active 8) (4 cores per cpu, 2 threads per core) family 6 model 140 stepping 1, cmov, cx8, fxsr, mmx, sse, sse2, sse3, ssse3, sse4.1, sse4.2, popcnt, avx, avx2, aes, clmul, erms, 3dnowpref, lzcnt, ht, tsc, tscinvbit, bmi1, bmi2, adx

Memory: 4k page, physical 16571704k(539796k free), swap 32300340k(5180k free)

vm_info: Java HotSpot(TM) 64-Bit Server VM (25.221-b11) for windows-amd64 JRE (1.8.0_221-b11), built on Jul  4 2019 04:39:29 by "java_re" with MS VC++ 10.0 (VS2010)

time: Fri Jan 27 14:49:08 2023
timezone: Malay Peninsula Standard Time
elapsed time: 6 seconds (0d 0h 0m 6s)

